<?xml version="1.0" encoding="UTF-8"?>
<!-- Generated by org.testng.reporters.JUnitReportReporter -->
<testsuite skipped="0" hostname="DESKTOP-C96KQ2R" name="code.FlightBookingTest" tests="1" failures="0" timestamp="09 May 2018 12:37:58 GMT" time="23.069" errors="0">
  <testcase name="testThatResultsAppearForAOneWayJourney" time="23.069" classname="code.FlightBookingTest"/>
</testsuite> <!-- code.FlightBookingTest -->
